Arguments: 
  /usr/local/bin/node /usr/local/Cellar/yarn/1.3.2/libexec/bin/yarn.js add electron-rebuild -D

PATH: 
  /Users/ande765a/.yarn/bin:/Library/Frameworks/Mono.framework/Versions/Current/bin/:/Users/ande765a/.composer/vendor/bin/:/Applications/MAMP/bin/php/php5.4.10/bin:/usr/local/bin:/usr/bin:/bin:/usr/sbin:/sbin:/Users/ande765a/bin/:/Users/ande765a/.nimble/bin/:/Applications/ghc-7.10.2.app/Contents/bin:/Users/ande765a/.cargo/bin

Yarn version: 
  1.3.2

Node version: 
  8.9.1

Platform: 
  darwin x64

npm manifest: 
  {
    "name": "sirajcoin",
    "version": "1.0.8",
    "description": "A cryptocurrency for Siraj Raval's Youtube community",
    "engines": {
      "node": ">=8"
    },
    "main": "main.js",
    "scripts": {
      "start": "electron ."
      "rebuild":"electron-rebuild" 
    },
    "bin": {
      "sirajcoin": "bin/wallet.js",
      "sirajcoin-node": "bin/node.js"
    },
    "repository": {
      "type": "git",
      "url": "git+https://github.com/llSourcell/sirajcoin.git"
    },
    "keywords": [],
    "author": "Siraj Raval",
    "license": "MIT",
    "bugs": {
      "url": "https://github.com/llSourcell/sirajcoin/issues"
    },
    "homepage": "https://github.com/llSourcell/sirajcoin#readme",
    "dependencies": {
      "coins": "^2.2.4",
      "lotion": "^0.1.11",
      "mkdirp": "^0.5.1"
    },
    "devDependencies": {
      "electron": "^1.7.11"
    }
  }

yarn manifest: 
  No manifest

Lockfile: 
  No lockfile

Trace: 
  SyntaxError: /Users/ande765a/Desktop/sirajcoin-gui/package.json: Unexpected string in JSON at position 224
      at JSON.parse (<anonymous>)
      at /usr/local/Cellar/yarn/1.3.2/libexec/lib/cli.js:770:59
      at Generator.next (<anonymous>)
      at step (/usr/local/Cellar/yarn/1.3.2/libexec/lib/cli.js:92:30)
      at /usr/local/Cellar/yarn/1.3.2/libexec/lib/cli.js:103:13
      at <anonymous>
